2022-09-19 20:11:26,780 - INFO - allennlp.common.params - random_seed = 2019
2022-09-19 20:11:26,780 - INFO - allennlp.common.params - numpy_seed = 2019
2022-09-19 20:11:26,780 - INFO - allennlp.common.params - pytorch_seed = 2019
2022-09-19 20:11:26,953 - INFO - allennlp.common.checks - Pytorch version: 1.11.0+cu102
2022-09-19 20:11:26,954 - INFO - allennlp.common.params - evaluate_on_test = False
2022-09-19 20:11:26,954 - INFO - allennlp.common.params - validation_dataset_reader = None
2022-09-19 20:11:26,954 - INFO - allennlp.common.from_params - instantiating class <class 'allennlp.data.dataset_readers.dataset_reader.DatasetReader'> from params {'type': 'issue_reader_siamese'} and extras set()
2022-09-19 20:11:26,954 - INFO - allennlp.common.params - dataset_reader.type = issue_reader_siamese
2022-09-19 20:11:26,955 - INFO - allennlp.common.from_params - instantiating class <class 'FRMiner.frminer_reader.IssueReaderSiamese'> from params {} and extras set()
2022-09-19 20:11:26,955 - INFO - allennlp.common.params - dataset_reader.lazy = False
2022-09-19 20:11:26,955 - INFO - allennlp.common.params - dataset_reader.segment_sentences = True
2022-09-19 20:11:26,955 - INFO - allennlp.common.params - dataset_reader.token_indexers = <allennlp.common.params.Params object at 0x7fe6d9a809d0>
2022-09-19 20:11:27,304 - INFO - allennlp.common.params - train_data_path = FRMiner/data/bootstrap_target_train_0.txt
2022-09-19 20:11:27,304 - INFO - allennlp.training.util - Reading training data from FRMiner/data/bootstrap_target_train_0.txt
2022-09-19 20:11:27,306 - INFO - FRMiner.frminer_reader - Reading instances from lines in file at: FRMiner/data/bootstrap_target_train_0.txt
2022-09-19 20:11:27,445 - INFO - FRMiner.frminer_reader - Begin training-------
2022-09-19 20:11:27,465 - WARNING - allennlp.data.fields.sequence_label_field - Your label namespace was 'pos'. We recommend you use a namespace ending with 'labels' or 'tags', so we don't add UNK and PAD tokens by default to your vocabulary.  See documentation for `non_padded_namespaces` parameter in Vocabulary.
2022-09-19 20:28:24,860 - INFO - FRMiner.frminer_reader - Dataset Count: Same : 7590 / Diff : 7590
2022-09-19 20:28:24,870 - INFO - allennlp.common.params - validation_data_path = FRMiner/data/bootstrap_target_test_0.txt
2022-09-19 20:28:24,870 - INFO - allennlp.training.util - Reading validation data from FRMiner/data/bootstrap_target_test_0.txt
2022-09-19 20:28:24,870 - INFO - FRMiner.frminer_reader - Reading instances from lines in file at: FRMiner/data/bootstrap_target_test_0.txt
2022-09-19 20:28:24,928 - INFO - FRMiner.frminer_reader - Begin training-------
2022-09-19 20:28:24,929 - INFO - FRMiner.frminer_reader - Reading instances from lines in file at: FRMiner/data/bootstrap_target_train_0.txt
2022-09-19 20:28:41,283 - INFO - FRMiner.frminer_reader - Dataset Count: Same : 126 / Diff : 126
2022-09-19 20:28:41,284 - INFO - allennlp.common.params - test_data_path = None
2022-09-19 20:28:41,297 - INFO - allennlp.training.trainer - From dataset instances, validation, train will be considered for vocabulary creation.
2022-09-19 20:28:41,297 - INFO - allennlp.common.params - vocabulary.type = None
2022-09-19 20:28:41,297 - INFO - allennlp.common.params - vocabulary.extend = False
2022-09-19 20:28:41,297 - INFO - allennlp.common.params - vocabulary.directory_path = None
2022-09-19 20:28:41,297 - INFO - allennlp.common.params - vocabulary.min_count = None
2022-09-19 20:28:41,297 - INFO - allennlp.common.params - vocabulary.max_vocab_size = None
2022-09-19 20:28:41,297 - INFO - allennlp.common.params - vocabulary.non_padded_namespaces = ('*tags', '*labels')
2022-09-19 20:28:41,297 - INFO - allennlp.common.params - vocabulary.min_pretrained_embeddings = None
2022-09-19 20:28:41,298 - INFO - allennlp.common.params - vocabulary.only_include_pretrained_words = False
2022-09-19 20:28:41,298 - INFO - allennlp.common.params - vocabulary.tokens_to_add = None
2022-09-19 20:28:41,298 - INFO - allennlp.data.vocabulary - Fitting token dictionary from dataset.
2022-09-19 20:28:43,206 - INFO - allennlp.common.from_params - instantiating class <class 'allennlp.models.model.Model'> from params {'pos_tag_embedding': {'embedding_dim': 50, 'sparse': True, 'vocab_namespace': 'pos'}, 'text_field_embedder': {'tokens': {'embedding_dim': 50, 'pretrained_file': 'FRMiner/data/glove.6B.50d.txt', 'trainable': True, 'type': 'embedding'}}, 'type': 'FRModel'} and extras {'vocab'}
2022-09-19 20:28:43,206 - INFO - allennlp.common.params - model.type = FRModel
2022-09-19 20:28:43,207 - INFO - allennlp.common.from_params - instantiating class <class 'FRMiner.frminer_model.FRModel'> from params {'pos_tag_embedding': {'embedding_dim': 50, 'sparse': True, 'vocab_namespace': 'pos'}, 'text_field_embedder': {'tokens': {'embedding_dim': 50, 'pretrained_file': 'FRMiner/data/glove.6B.50d.txt', 'trainable': True, 'type': 'embedding'}}} and extras {'vocab'}
2022-09-19 20:28:43,207 - INFO - allennlp.common.from_params - instantiating class <class 'allennlp.modules.text_field_embedders.text_field_embedder.TextFieldEmbedder'> from params {'tokens': {'embedding_dim': 50, 'pretrained_file': 'FRMiner/data/glove.6B.50d.txt', 'trainable': True, 'type': 'embedding'}} and extras {'vocab'}
2022-09-19 20:28:43,207 - INFO - allennlp.common.params - model.text_field_embedder.type = basic
2022-09-19 20:28:43,207 - INFO - allennlp.common.params - model.text_field_embedder.embedder_to_indexer_map = None
2022-09-19 20:28:43,207 - INFO - allennlp.common.params - model.text_field_embedder.allow_unmatched_keys = False
2022-09-19 20:28:43,208 - INFO - allennlp.common.params - model.text_field_embedder.token_embedders = None
2022-09-19 20:28:43,208 - INFO - allennlp.common.from_params - instantiating class <class 'allennlp.modules.token_embedders.token_embedder.TokenEmbedder'> from params {'embedding_dim': 50, 'pretrained_file': 'FRMiner/data/glove.6B.50d.txt', 'trainable': True, 'type': 'embedding'} and extras {'vocab'}
2022-09-19 20:28:43,208 - INFO - allennlp.common.params - model.text_field_embedder.tokens.type = embedding
2022-09-19 20:28:43,208 - INFO - allennlp.common.params - model.text_field_embedder.tokens.num_embeddings = None
2022-09-19 20:28:43,208 - INFO - allennlp.common.params - model.text_field_embedder.tokens.vocab_namespace = tokens
2022-09-19 20:28:43,208 - INFO - allennlp.common.params - model.text_field_embedder.tokens.embedding_dim = 50
2022-09-19 20:28:43,208 - INFO - allennlp.common.params - model.text_field_embedder.tokens.pretrained_file = FRMiner/data/glove.6B.50d.txt
2022-09-19 20:28:43,208 - INFO - allennlp.common.params - model.text_field_embedder.tokens.projection_dim = None
2022-09-19 20:28:43,208 - INFO - allennlp.common.params - model.text_field_embedder.tokens.trainable = True
2022-09-19 20:28:43,209 - INFO - allennlp.common.params - model.text_field_embedder.tokens.padding_index = None
2022-09-19 20:28:43,209 - INFO - allennlp.common.params - model.text_field_embedder.tokens.max_norm = None
2022-09-19 20:28:43,209 - INFO - allennlp.common.params - model.text_field_embedder.tokens.norm_type = 2.0
2022-09-19 20:28:43,209 - INFO - allennlp.common.params - model.text_field_embedder.tokens.scale_grad_by_freq = False
2022-09-19 20:28:43,209 - INFO - allennlp.common.params - model.text_field_embedder.tokens.sparse = False
2022-09-19 20:28:43,209 - INFO - allennlp.modules.token_embedders.embedding - Reading pretrained embeddings from file
2022-09-19 20:28:43,796 - INFO - allennlp.modules.token_embedders.embedding - Initializing pre-trained embedding layer
2022-09-19 20:28:43,818 - INFO - allennlp.modules.token_embedders.embedding - Pretrained embeddings were found for 1804 out of 2843 tokens
2022-09-19 20:28:43,820 - INFO - allennlp.common.params - model.pos_tag_embedding.num_embeddings = None
2022-09-19 20:28:43,821 - INFO - allennlp.common.params - model.pos_tag_embedding.vocab_namespace = pos
2022-09-19 20:28:43,821 - INFO - allennlp.common.params - model.pos_tag_embedding.embedding_dim = 50
2022-09-19 20:28:43,822 - INFO - allennlp.common.params - model.pos_tag_embedding.pretrained_file = None
2022-09-19 20:28:43,822 - INFO - allennlp.common.params - model.pos_tag_embedding.projection_dim = None
2022-09-19 20:28:43,823 - INFO - allennlp.common.params - model.pos_tag_embedding.trainable = True
2022-09-19 20:28:43,823 - INFO - allennlp.common.params - model.pos_tag_embedding.padding_index = None
2022-09-19 20:28:43,824 - INFO - allennlp.common.params - model.pos_tag_embedding.max_norm = None
2022-09-19 20:28:43,824 - INFO - allennlp.common.params - model.pos_tag_embedding.norm_type = 2.0
2022-09-19 20:28:43,824 - INFO - allennlp.common.params - model.pos_tag_embedding.scale_grad_by_freq = False
2022-09-19 20:28:43,824 - INFO - allennlp.common.params - model.pos_tag_embedding.sparse = True
2022-09-19 20:28:43,825 - INFO - allennlp.common.params - model.dropout = 0.1
2022-09-19 20:28:43,826 - INFO - allennlp.common.params - model.label_namespace = labels
2022-09-19 20:28:43,840 - INFO - allennlp.nn.initializers - Initializing parameters
2022-09-19 20:28:43,841 - INFO - allennlp.nn.initializers - Done initializing parameters; the following parameters are using their default initialization from their code
2022-09-19 20:28:43,841 - INFO - allennlp.nn.initializers -    _bilinear_sim._bias
2022-09-19 20:28:43,841 - INFO - allennlp.nn.initializers -    _bilinear_sim._weight_matrix
2022-09-19 20:28:43,841 - INFO - allennlp.nn.initializers -    _comment_cnn.conv_layer_0.bias
2022-09-19 20:28:43,841 - INFO - allennlp.nn.initializers -    _comment_cnn.conv_layer_0.weight
2022-09-19 20:28:43,841 - INFO - allennlp.nn.initializers -    _comment_cnn.conv_layer_1.bias
2022-09-19 20:28:43,842 - INFO - allennlp.nn.initializers -    _comment_cnn.conv_layer_1.weight
2022-09-19 20:28:43,842 - INFO - allennlp.nn.initializers -    _comment_cnn.conv_layer_2.bias
2022-09-19 20:28:43,842 - INFO - allennlp.nn.initializers -    _comment_cnn.conv_layer_2.weight
2022-09-19 20:28:43,842 - INFO - allennlp.nn.initializers -    _comment_cnn.conv_layer_3.bias
2022-09-19 20:28:43,842 - INFO - allennlp.nn.initializers -    _comment_cnn.conv_layer_3.weight
2022-09-19 20:28:43,842 - INFO - allennlp.nn.initializers -    _encoder._module.bias_hh_l0
2022-09-19 20:28:43,842 - INFO - allennlp.nn.initializers -    _encoder._module.bias_hh_l0_reverse
2022-09-19 20:28:43,842 - INFO - allennlp.nn.initializers -    _encoder._module.bias_ih_l0
2022-09-19 20:28:43,842 - INFO - allennlp.nn.initializers -    _encoder._module.bias_ih_l0_reverse
2022-09-19 20:28:43,842 - INFO - allennlp.nn.initializers -    _encoder._module.weight_hh_l0
2022-09-19 20:28:43,842 - INFO - allennlp.nn.initializers -    _encoder._module.weight_hh_l0_reverse
2022-09-19 20:28:43,843 - INFO - allennlp.nn.initializers -    _encoder._module.weight_ih_l0
2022-09-19 20:28:43,843 - INFO - allennlp.nn.initializers -    _encoder._module.weight_ih_l0_reverse
2022-09-19 20:28:43,843 - INFO - allennlp.nn.initializers -    _pos_tag_embedding.weight
2022-09-19 20:28:43,843 - INFO - allennlp.nn.initializers -    _projector._linear_layers.0.bias
2022-09-19 20:28:43,843 - INFO - allennlp.nn.initializers -    _projector._linear_layers.0.weight
2022-09-19 20:28:43,843 - INFO - allennlp.nn.initializers -    _projector._linear_layers.1.bias
2022-09-19 20:28:43,843 - INFO - allennlp.nn.initializers -    _projector._linear_layers.1.weight
2022-09-19 20:28:43,843 - INFO - allennlp.nn.initializers -    _report_cnn.conv_layer_0.bias
2022-09-19 20:28:43,843 - INFO - allennlp.nn.initializers -    _report_cnn.conv_layer_0.weight
2022-09-19 20:28:43,843 - INFO - allennlp.nn.initializers -    _report_cnn.conv_layer_1.bias
2022-09-19 20:28:43,843 - INFO - allennlp.nn.initializers -    _report_cnn.conv_layer_1.weight
2022-09-19 20:28:43,843 - INFO - allennlp.nn.initializers -    _report_cnn.conv_layer_2.bias
2022-09-19 20:28:43,843 - INFO - allennlp.nn.initializers -    _report_cnn.conv_layer_2.weight
2022-09-19 20:28:43,844 - INFO - allennlp.nn.initializers -    _report_cnn.conv_layer_3.bias
2022-09-19 20:28:43,844 - INFO - allennlp.nn.initializers -    _report_cnn.conv_layer_3.weight
2022-09-19 20:28:43,844 - INFO - allennlp.nn.initializers -    _seq2vec.conv_layer_0.bias
2022-09-19 20:28:43,844 - INFO - allennlp.nn.initializers -    _seq2vec.conv_layer_0.weight
2022-09-19 20:28:43,844 - INFO - allennlp.nn.initializers -    _seq2vec.conv_layer_1.bias
2022-09-19 20:28:43,844 - INFO - allennlp.nn.initializers -    _seq2vec.conv_layer_1.weight
2022-09-19 20:28:43,844 - INFO - allennlp.nn.initializers -    _seq2vec.conv_layer_2.bias
2022-09-19 20:28:43,844 - INFO - allennlp.nn.initializers -    _seq2vec.conv_layer_2.weight
2022-09-19 20:28:43,844 - INFO - allennlp.nn.initializers -    _seq2vec.conv_layer_3.bias
2022-09-19 20:28:43,844 - INFO - allennlp.nn.initializers -    _seq2vec.conv_layer_3.weight
2022-09-19 20:28:43,845 - INFO - allennlp.nn.initializers -    _text_field_embedder.token_embedder_tokens.weight
2022-09-19 20:28:43,856 - INFO - allennlp.common.from_params - instantiating class <class 'allennlp.data.iterators.data_iterator.DataIterator'> from params {'batch_size': 32, 'sorting_keys': [['dialog1', 'num_fields']], 'type': 'bucket'} and extras set()
2022-09-19 20:28:43,857 - INFO - allennlp.common.params - iterator.type = bucket
2022-09-19 20:28:43,857 - INFO - allennlp.common.from_params - instantiating class <class 'allennlp.data.iterators.bucket_iterator.BucketIterator'> from params {'batch_size': 32, 'sorting_keys': [['dialog1', 'num_fields']]} and extras set()
2022-09-19 20:28:43,858 - INFO - allennlp.common.params - iterator.sorting_keys = [['dialog1', 'num_fields']]
2022-09-19 20:28:43,858 - INFO - allennlp.common.params - iterator.padding_noise = 0.1
2022-09-19 20:28:43,859 - INFO - allennlp.common.params - iterator.biggest_batch_first = False
2022-09-19 20:28:43,859 - INFO - allennlp.common.params - iterator.batch_size = 32
2022-09-19 20:28:43,860 - INFO - allennlp.common.params - iterator.instances_per_epoch = None
2022-09-19 20:28:43,860 - INFO - allennlp.common.params - iterator.max_instances_in_memory = None
2022-09-19 20:28:43,860 - INFO - allennlp.common.params - iterator.cache_instances = False
2022-09-19 20:28:43,860 - INFO - allennlp.common.params - iterator.track_epoch = False
2022-09-19 20:28:43,860 - INFO - allennlp.common.params - iterator.maximum_samples_per_batch = None
2022-09-19 20:28:43,861 - INFO - allennlp.common.params - validation_iterator = None
2022-09-19 20:28:43,861 - INFO - allennlp.common.params - trainer.no_grad = ()
2022-09-19 20:28:43,861 - INFO - allennlp.training.trainer - Following parameters are Frozen  (without gradient):
2022-09-19 20:28:43,862 - INFO - allennlp.training.trainer - Following parameters are Tunable (with gradient):
2022-09-19 20:28:43,862 - INFO - allennlp.training.trainer - _text_field_embedder.token_embedder_tokens.weight
2022-09-19 20:28:43,862 - INFO - allennlp.training.trainer - _pos_tag_embedding.weight
2022-09-19 20:28:43,862 - INFO - allennlp.training.trainer - _report_cnn.conv_layer_0.weight
2022-09-19 20:28:43,862 - INFO - allennlp.training.trainer - _report_cnn.conv_layer_0.bias
2022-09-19 20:28:43,862 - INFO - allennlp.training.trainer - _report_cnn.conv_layer_1.weight
2022-09-19 20:28:43,862 - INFO - allennlp.training.trainer - _report_cnn.conv_layer_1.bias
2022-09-19 20:28:43,862 - INFO - allennlp.training.trainer - _report_cnn.conv_layer_2.weight
2022-09-19 20:28:43,862 - INFO - allennlp.training.trainer - _report_cnn.conv_layer_2.bias
2022-09-19 20:28:43,862 - INFO - allennlp.training.trainer - _report_cnn.conv_layer_3.weight
2022-09-19 20:28:43,862 - INFO - allennlp.training.trainer - _report_cnn.conv_layer_3.bias
2022-09-19 20:28:43,863 - INFO - allennlp.training.trainer - _comment_cnn.conv_layer_0.weight
2022-09-19 20:28:43,863 - INFO - allennlp.training.trainer - _comment_cnn.conv_layer_0.bias
2022-09-19 20:28:43,863 - INFO - allennlp.training.trainer - _comment_cnn.conv_layer_1.weight
2022-09-19 20:28:43,863 - INFO - allennlp.training.trainer - _comment_cnn.conv_layer_1.bias
2022-09-19 20:28:43,863 - INFO - allennlp.training.trainer - _comment_cnn.conv_layer_2.weight
2022-09-19 20:28:43,863 - INFO - allennlp.training.trainer - _comment_cnn.conv_layer_2.bias
2022-09-19 20:28:43,863 - INFO - allennlp.training.trainer - _comment_cnn.conv_layer_3.weight
2022-09-19 20:28:43,863 - INFO - allennlp.training.trainer - _comment_cnn.conv_layer_3.bias
2022-09-19 20:28:43,863 - INFO - allennlp.training.trainer - _encoder._module.weight_ih_l0
2022-09-19 20:28:43,863 - INFO - allennlp.training.trainer - _encoder._module.weight_hh_l0
2022-09-19 20:28:43,863 - INFO - allennlp.training.trainer - _encoder._module.bias_ih_l0
2022-09-19 20:28:43,863 - INFO - allennlp.training.trainer - _encoder._module.bias_hh_l0
2022-09-19 20:28:43,863 - INFO - allennlp.training.trainer - _encoder._module.weight_ih_l0_reverse
2022-09-19 20:28:43,864 - INFO - allennlp.training.trainer - _encoder._module.weight_hh_l0_reverse
2022-09-19 20:28:43,864 - INFO - allennlp.training.trainer - _encoder._module.bias_ih_l0_reverse
2022-09-19 20:28:43,864 - INFO - allennlp.training.trainer - _encoder._module.bias_hh_l0_reverse
2022-09-19 20:28:43,864 - INFO - allennlp.training.trainer - _seq2vec.conv_layer_0.weight
2022-09-19 20:28:43,864 - INFO - allennlp.training.trainer - _seq2vec.conv_layer_0.bias
2022-09-19 20:28:43,864 - INFO - allennlp.training.trainer - _seq2vec.conv_layer_1.weight
2022-09-19 20:28:43,864 - INFO - allennlp.training.trainer - _seq2vec.conv_layer_1.bias
2022-09-19 20:28:43,864 - INFO - allennlp.training.trainer - _seq2vec.conv_layer_2.weight
2022-09-19 20:28:43,864 - INFO - allennlp.training.trainer - _seq2vec.conv_layer_2.bias
2022-09-19 20:28:43,864 - INFO - allennlp.training.trainer - _seq2vec.conv_layer_3.weight
2022-09-19 20:28:43,864 - INFO - allennlp.training.trainer - _seq2vec.conv_layer_3.bias
2022-09-19 20:28:43,865 - INFO - allennlp.training.trainer - _bilinear_sim._weight_matrix
2022-09-19 20:28:43,865 - INFO - allennlp.training.trainer - _bilinear_sim._bias
2022-09-19 20:28:43,865 - INFO - allennlp.training.trainer - _projector._linear_layers.0.weight
2022-09-19 20:28:43,865 - INFO - allennlp.training.trainer - _projector._linear_layers.0.bias
2022-09-19 20:28:43,865 - INFO - allennlp.training.trainer - _projector._linear_layers.1.weight
2022-09-19 20:28:43,865 - INFO - allennlp.training.trainer - _projector._linear_layers.1.bias
2022-09-19 20:28:43,865 - INFO - allennlp.common.params - trainer.patience = 10
2022-09-19 20:28:43,865 - INFO - allennlp.common.params - trainer.validation_metric = +s_fmeasure
2022-09-19 20:28:43,865 - INFO - allennlp.common.params - trainer.shuffle = True
2022-09-19 20:28:43,865 - INFO - allennlp.common.params - trainer.num_epochs = 10
2022-09-19 20:28:43,865 - INFO - allennlp.common.params - trainer.cuda_device = -1
2022-09-19 20:28:43,866 - INFO - allennlp.common.params - trainer.grad_norm = None
2022-09-19 20:28:43,866 - INFO - allennlp.common.params - trainer.grad_clipping = None
2022-09-19 20:28:43,866 - INFO - allennlp.common.params - trainer.learning_rate_scheduler = None
2022-09-19 20:28:43,866 - INFO - allennlp.common.params - trainer.momentum_scheduler = None
2022-09-19 20:28:43,867 - INFO - allennlp.common.params - trainer.optimizer.type = dense_sparse_adam
2022-09-19 20:28:43,868 - INFO - allennlp.common.params - trainer.optimizer.parameter_groups = None
2022-09-19 20:28:43,868 - INFO - allennlp.training.optimizers - Number of trainable parameters: 732703
2022-09-19 20:28:43,869 - INFO - allennlp.common.params - trainer.optimizer.infer_type_and_cast = True
2022-09-19 20:28:43,869 - INFO - allennlp.common.params - Converting Params object to dict; logging of default values will not occur when dictionary parameters are used subsequently.
2022-09-19 20:28:43,870 - INFO - allennlp.common.params - CURRENTLY DEFINED PARAMETERS: 
2022-09-19 20:28:43,870 - INFO - allennlp.common.params - trainer.optimizer.betas = [0.9, 0.9]
2022-09-19 20:28:43,870 - INFO - allennlp.common.params - trainer.num_serialized_models_to_keep = 20
2022-09-19 20:28:43,871 - INFO - allennlp.common.params - trainer.keep_serialized_model_every_num_seconds = None
2022-09-19 20:28:43,871 - INFO - allennlp.common.params - trainer.model_save_interval = None
2022-09-19 20:28:43,871 - INFO - allennlp.common.params - trainer.summary_interval = 100
2022-09-19 20:28:43,871 - INFO - allennlp.common.params - trainer.histogram_interval = None
2022-09-19 20:28:43,871 - INFO - allennlp.common.params - trainer.should_log_parameter_statistics = True
2022-09-19 20:28:43,871 - INFO - allennlp.common.params - trainer.should_log_learning_rate = False
2022-09-19 20:28:43,872 - INFO - allennlp.common.params - trainer.log_batch_size_period = None
2022-09-19 20:28:43,878 - INFO - allennlp.training.trainer - Beginning training.
2022-09-19 20:28:43,879 - INFO - allennlp.training.trainer - Epoch 0/9
2022-09-19 20:28:43,879 - INFO - allennlp.training.trainer - Peak CPU memory usage MB: 1580.612
2022-09-19 20:28:43,984 - ERROR - allennlp.common.util - unable to check gpu_memory_mb(), continuing
Traceback (most recent call last):
  File "/home/kenshin/.local/lib/python3.8/site-packages/allennlp/common/util.py", line 376, in gpu_memory_mb
    result = subprocess.check_output(['nvidia-smi', '--query-gpu=memory.used',
  File "/usr/lib/python3.8/subprocess.py", line 415, in check_output
    return run(*popenargs, stdout=PIPE, timeout=timeout, check=True,
  File "/usr/lib/python3.8/subprocess.py", line 516, in run
    raise CalledProcessError(retcode, process.args,
subprocess.CalledProcessError: Command '['nvidia-smi', '--query-gpu=memory.used', '--format=csv,nounits,noheader']' returned non-zero exit status 9.
2022-09-19 20:28:43,987 - INFO - allennlp.training.trainer - Training
2022-09-19 20:30:27,106 - WARNING - tensorboardX.x2num - NaN or Inf found in input tensor.
2022-09-19 20:31:58,398 - WARNING - tensorboardX.x2num - NaN or Inf found in input tensor.
2022-09-19 20:33:33,625 - WARNING - tensorboardX.x2num - NaN or Inf found in input tensor.
2022-09-19 20:35:10,217 - WARNING - tensorboardX.x2num - NaN or Inf found in input tensor.
2022-09-19 20:36:16,888 - INFO - allennlp.training.trainer - Validating
2022-09-19 20:36:19,622 - INFO - allennlp.training.tensorboard_writer -                   Training |  Validation
2022-09-19 20:36:19,623 - INFO - allennlp.training.tensorboard_writer - loss          |     0.510  |     0.543
2022-09-19 20:36:19,623 - INFO - allennlp.training.tensorboard_writer - accuracy      |     0.721  |     0.762
2022-09-19 20:36:19,624 - INFO - allennlp.training.tensorboard_writer - s_recall      |     0.753  |     0.753
2022-09-19 20:36:19,625 - INFO - allennlp.training.tensorboard_writer - cpu_memory_MB |  1580.612  |       N/A
2022-09-19 20:36:19,626 - INFO - allennlp.training.tensorboard_writer - precision     |     0.735  |     0.795
2022-09-19 20:36:19,626 - INFO - allennlp.training.tensorboard_writer - recall        |     0.692  |     0.706
2022-09-19 20:36:19,627 - INFO - allennlp.training.tensorboard_writer - s_precision   |     0.708  |     0.709
2022-09-19 20:36:19,628 - INFO - allennlp.training.tensorboard_writer - s_fmeasure    |     0.730  |     0.730
2022-09-19 20:36:19,628 - INFO - allennlp.training.tensorboard_writer - fscore        |     0.713  |     0.748
2022-09-19 20:36:19,661 - INFO - allennlp.training.checkpointer - Best validation performance so far. Copying weights to 'FRMiner/out//best.th'.
2022-09-19 20:36:19,666 - INFO - allennlp.training.trainer - Epoch duration: 0:07:35.787716
2022-09-19 20:36:19,667 - INFO - allennlp.training.trainer - Estimated training time remaining: 1:08:22
2022-09-19 20:36:19,667 - INFO - allennlp.training.trainer - Epoch 1/9
2022-09-19 20:36:19,667 - INFO - allennlp.training.trainer - Peak CPU memory usage MB: 5427.296
2022-09-19 20:36:19,881 - ERROR - allennlp.common.util - unable to check gpu_memory_mb(), continuing
Traceback (most recent call last):
  File "/home/kenshin/.local/lib/python3.8/site-packages/allennlp/common/util.py", line 376, in gpu_memory_mb
    result = subprocess.check_output(['nvidia-smi', '--query-gpu=memory.used',
  File "/usr/lib/python3.8/subprocess.py", line 415, in check_output
    return run(*popenargs, stdout=PIPE, timeout=timeout, check=True,
  File "/usr/lib/python3.8/subprocess.py", line 516, in run
    raise CalledProcessError(retcode, process.args,
subprocess.CalledProcessError: Command '['nvidia-smi', '--query-gpu=memory.used', '--format=csv,nounits,noheader']' returned non-zero exit status 9.
2022-09-19 20:36:19,882 - INFO - allennlp.training.trainer - Training
2022-09-19 20:36:47,237 - WARNING - tensorboardX.x2num - NaN or Inf found in input tensor.
2022-09-19 20:38:09,536 - WARNING - tensorboardX.x2num - NaN or Inf found in input tensor.
2022-09-19 20:39:45,993 - WARNING - tensorboardX.x2num - NaN or Inf found in input tensor.
2022-09-19 20:41:11,565 - WARNING - tensorboardX.x2num - NaN or Inf found in input tensor.
2022-09-19 20:42:51,888 - WARNING - tensorboardX.x2num - NaN or Inf found in input tensor.
2022-09-19 20:43:36,183 - INFO - allennlp.training.trainer - Validating
2022-09-19 20:43:38,341 - INFO - allennlp.training.tensorboard_writer -                   Training |  Validation
2022-09-19 20:43:38,351 - INFO - allennlp.training.tensorboard_writer - loss          |     0.409  |     0.518
2022-09-19 20:43:38,352 - INFO - allennlp.training.tensorboard_writer - accuracy      |     0.810  |     0.790
2022-09-19 20:43:38,352 - INFO - allennlp.training.tensorboard_writer - s_recall      |     0.811  |     0.811
2022-09-19 20:43:38,353 - INFO - allennlp.training.tensorboard_writer - cpu_memory_MB |  5427.296  |       N/A
2022-09-19 20:43:38,354 - INFO - allennlp.training.tensorboard_writer - precision     |     0.860  |     0.783
2022-09-19 20:43:38,355 - INFO - allennlp.training.tensorboard_writer - recall        |     0.741  |     0.802
2022-09-19 20:43:38,360 - INFO - allennlp.training.tensorboard_writer - s_precision   |     0.744  |     0.744
2022-09-19 20:43:38,361 - INFO - allennlp.training.tensorboard_writer - s_fmeasure    |     0.776  |     0.776
2022-09-19 20:43:38,362 - INFO - allennlp.training.tensorboard_writer - fscore        |     0.796  |     0.792
2022-09-19 20:43:38,398 - INFO - allennlp.training.checkpointer - Best validation performance so far. Copying weights to 'FRMiner/out//best.th'.
2022-09-19 20:43:38,404 - INFO - allennlp.training.trainer - Epoch duration: 0:07:18.736384
2022-09-19 20:43:38,404 - INFO - allennlp.training.trainer - Estimated training time remaining: 0:59:38
2022-09-19 20:43:38,405 - INFO - allennlp.training.trainer - Epoch 2/9
2022-09-19 20:43:38,405 - INFO - allennlp.training.trainer - Peak CPU memory usage MB: 6094.256
2022-09-19 20:43:38,612 - ERROR - allennlp.common.util - unable to check gpu_memory_mb(), continuing
Traceback (most recent call last):
  File "/home/kenshin/.local/lib/python3.8/site-packages/allennlp/common/util.py", line 376, in gpu_memory_mb
    result = subprocess.check_output(['nvidia-smi', '--query-gpu=memory.used',
  File "/usr/lib/python3.8/subprocess.py", line 415, in check_output
    return run(*popenargs, stdout=PIPE, timeout=timeout, check=True,
  File "/usr/lib/python3.8/subprocess.py", line 516, in run
    raise CalledProcessError(retcode, process.args,
subprocess.CalledProcessError: Command '['nvidia-smi', '--query-gpu=memory.used', '--format=csv,nounits,noheader']' returned non-zero exit status 9.
2022-09-19 20:43:38,613 - INFO - allennlp.training.trainer - Training
2022-09-19 20:44:21,954 - WARNING - tensorboardX.x2num - NaN or Inf found in input tensor.
2022-09-19 20:45:47,238 - WARNING - tensorboardX.x2num - NaN or Inf found in input tensor.
2022-09-19 20:47:23,736 - WARNING - tensorboardX.x2num - NaN or Inf found in input tensor.
2022-09-19 20:48:48,443 - WARNING - tensorboardX.x2num - NaN or Inf found in input tensor.
2022-09-19 20:50:19,192 - WARNING - tensorboardX.x2num - NaN or Inf found in input tensor.
2022-09-19 20:50:39,782 - INFO - allennlp.training.trainer - Validating
2022-09-19 20:50:41,928 - INFO - allennlp.training.tensorboard_writer -                   Training |  Validation
2022-09-19 20:50:41,929 - INFO - allennlp.training.tensorboard_writer - loss          |     0.371  |     0.554
2022-09-19 20:50:41,929 - INFO - allennlp.training.tensorboard_writer - accuracy      |     0.879  |     0.754
2022-09-19 20:50:41,930 - INFO - allennlp.training.tensorboard_writer - s_recall      |     0.836  |     0.836
2022-09-19 20:50:41,931 - INFO - allennlp.training.tensorboard_writer - cpu_memory_MB |  6094.256  |       N/A
2022-09-19 20:50:41,931 - INFO - allennlp.training.tensorboard_writer - precision     |     0.876  |     0.739
2022-09-19 20:50:41,932 - INFO - allennlp.training.tensorboard_writer - recall        |     0.882  |     0.786
2022-09-19 20:50:41,932 - INFO - allennlp.training.tensorboard_writer - s_precision   |     0.785  |     0.784
2022-09-19 20:50:41,933 - INFO - allennlp.training.tensorboard_writer - s_fmeasure    |     0.809  |     0.809
2022-09-19 20:50:41,934 - INFO - allennlp.training.tensorboard_writer - fscore        |     0.879  |     0.762
2022-09-19 20:50:41,959 - INFO - allennlp.training.checkpointer - Best validation performance so far. Copying weights to 'FRMiner/out//best.th'.
2022-09-19 20:50:41,967 - INFO - allennlp.training.trainer - Epoch duration: 0:07:03.562596
2022-09-19 20:50:41,968 - INFO - allennlp.training.trainer - Estimated training time remaining: 0:51:15
2022-09-19 20:50:41,968 - INFO - allennlp.training.trainer - Epoch 3/9
2022-09-19 20:50:41,968 - INFO - allennlp.training.trainer - Peak CPU memory usage MB: 6094.848
2022-09-19 20:50:42,147 - ERROR - allennlp.common.util - unable to check gpu_memory_mb(), continuing
Traceback (most recent call last):
  File "/home/kenshin/.local/lib/python3.8/site-packages/allennlp/common/util.py", line 376, in gpu_memory_mb
    result = subprocess.check_output(['nvidia-smi', '--query-gpu=memory.used',
  File "/usr/lib/python3.8/subprocess.py", line 415, in check_output
    return run(*popenargs, stdout=PIPE, timeout=timeout, check=True,
  File "/usr/lib/python3.8/subprocess.py", line 516, in run
    raise CalledProcessError(retcode, process.args,
subprocess.CalledProcessError: Command '['nvidia-smi', '--query-gpu=memory.used', '--format=csv,nounits,noheader']' returned non-zero exit status 9.
2022-09-19 20:50:42,148 - INFO - allennlp.training.trainer - Training
2022-09-19 20:51:49,915 - WARNING - tensorboardX.x2num - NaN or Inf found in input tensor.
2022-09-19 20:53:17,845 - WARNING - tensorboardX.x2num - NaN or Inf found in input tensor.
2022-09-19 20:54:50,599 - WARNING - tensorboardX.x2num - NaN or Inf found in input tensor.
2022-09-19 20:56:15,948 - WARNING - tensorboardX.x2num - NaN or Inf found in input tensor.
2022-09-19 20:57:46,656 - WARNING - tensorboardX.x2num - NaN or Inf found in input tensor.
2022-09-19 20:57:46,667 - INFO - allennlp.training.trainer - Validating
2022-09-19 20:57:49,092 - INFO - allennlp.training.tensorboard_writer -                   Training |  Validation
2022-09-19 20:57:49,093 - INFO - allennlp.training.tensorboard_writer - loss          |     0.362  |     0.582
2022-09-19 20:57:49,093 - INFO - allennlp.training.tensorboard_writer - accuracy      |     0.881  |     0.734
2022-09-19 20:57:49,094 - INFO - allennlp.training.tensorboard_writer - s_recall      |     0.849  |     0.849
2022-09-19 20:57:49,096 - INFO - allennlp.training.tensorboard_writer - cpu_memory_MB |  6094.848  |       N/A
2022-09-19 20:57:49,097 - INFO - allennlp.training.tensorboard_writer - precision     |     0.879  |     0.729
2022-09-19 20:57:49,097 - INFO - allennlp.training.tensorboard_writer - recall        |     0.882  |     0.746
2022-09-19 20:57:49,099 - INFO - allennlp.training.tensorboard_writer - s_precision   |     0.805  |     0.805
2022-09-19 20:57:49,099 - INFO - allennlp.training.tensorboard_writer - s_fmeasure    |     0.827  |     0.826
2022-09-19 20:57:49,100 - INFO - allennlp.training.tensorboard_writer - fscore        |     0.881  |     0.737
2022-09-19 20:57:49,133 - INFO - allennlp.training.checkpointer - Best validation performance so far. Copying weights to 'FRMiner/out//best.th'.
2022-09-19 20:57:49,142 - INFO - allennlp.training.trainer - Epoch duration: 0:07:07.173789
2022-09-19 20:57:49,143 - INFO - allennlp.training.trainer - Estimated training time remaining: 0:43:37
2022-09-19 20:57:49,143 - INFO - allennlp.training.trainer - Epoch 4/9
2022-09-19 20:57:49,143 - INFO - allennlp.training.trainer - Peak CPU memory usage MB: 6094.972
2022-09-19 20:57:49,391 - ERROR - allennlp.common.util - unable to check gpu_memory_mb(), continuing
Traceback (most recent call last):
  File "/home/kenshin/.local/lib/python3.8/site-packages/allennlp/common/util.py", line 376, in gpu_memory_mb
    result = subprocess.check_output(['nvidia-smi', '--query-gpu=memory.used',
  File "/usr/lib/python3.8/subprocess.py", line 415, in check_output
    return run(*popenargs, stdout=PIPE, timeout=timeout, check=True,
  File "/usr/lib/python3.8/subprocess.py", line 516, in run
    raise CalledProcessError(retcode, process.args,
subprocess.CalledProcessError: Command '['nvidia-smi', '--query-gpu=memory.used', '--format=csv,nounits,noheader']' returned non-zero exit status 9.
2022-09-19 20:57:49,393 - INFO - allennlp.training.trainer - Training
2022-09-19 20:59:18,423 - WARNING - tensorboardX.x2num - NaN or Inf found in input tensor.
2022-09-19 21:00:48,709 - WARNING - tensorboardX.x2num - NaN or Inf found in input tensor.
2022-09-19 21:02:26,752 - WARNING - tensorboardX.x2num - NaN or Inf found in input tensor.
2022-09-19 21:03:53,696 - WARNING - tensorboardX.x2num - NaN or Inf found in input tensor.
2022-09-19 21:05:05,871 - INFO - allennlp.training.trainer - Validating
2022-09-19 21:05:08,567 - INFO - allennlp.training.tensorboard_writer -                   Training |  Validation
2022-09-19 21:05:08,567 - INFO - allennlp.training.tensorboard_writer - loss          |     0.362  |     0.590
2022-09-19 21:05:08,568 - INFO - allennlp.training.tensorboard_writer - accuracy      |     0.873  |     0.718
2022-09-19 21:05:08,573 - INFO - allennlp.training.tensorboard_writer - s_recall      |     0.854  |     0.854
2022-09-19 21:05:08,576 - INFO - allennlp.training.tensorboard_writer - cpu_memory_MB |  6094.972  |       N/A
2022-09-19 21:05:08,577 - INFO - allennlp.training.tensorboard_writer - precision     |     0.877  |     0.717
2022-09-19 21:05:08,578 - INFO - allennlp.training.tensorboard_writer - recall        |     0.868  |     0.722
2022-09-19 21:05:08,578 - INFO - allennlp.training.tensorboard_writer - s_precision   |     0.818  |     0.818
2022-09-19 21:05:08,579 - INFO - allennlp.training.tensorboard_writer - s_fmeasure    |     0.835  |     0.835
2022-09-19 21:05:08,580 - INFO - allennlp.training.tensorboard_writer - fscore        |     0.872  |     0.719
2022-09-19 21:05:08,619 - INFO - allennlp.training.checkpointer - Best validation performance so far. Copying weights to 'FRMiner/out//best.th'.
2022-09-19 21:05:08,625 - INFO - allennlp.training.trainer - Epoch duration: 0:07:19.481678
2022-09-19 21:05:08,625 - INFO - allennlp.training.trainer - Estimated training time remaining: 0:36:24
2022-09-19 21:05:08,626 - INFO - allennlp.training.trainer - Epoch 5/9
2022-09-19 21:05:08,626 - INFO - allennlp.training.trainer - Peak CPU memory usage MB: 6128.264
2022-09-19 21:05:08,822 - ERROR - allennlp.common.util - unable to check gpu_memory_mb(), continuing
Traceback (most recent call last):
  File "/home/kenshin/.local/lib/python3.8/site-packages/allennlp/common/util.py", line 376, in gpu_memory_mb
    result = subprocess.check_output(['nvidia-smi', '--query-gpu=memory.used',
  File "/usr/lib/python3.8/subprocess.py", line 415, in check_output
    return run(*popenargs, stdout=PIPE, timeout=timeout, check=True,
  File "/usr/lib/python3.8/subprocess.py", line 516, in run
    raise CalledProcessError(retcode, process.args,
subprocess.CalledProcessError: Command '['nvidia-smi', '--query-gpu=memory.used', '--format=csv,nounits,noheader']' returned non-zero exit status 9.
2022-09-19 21:05:08,823 - INFO - allennlp.training.trainer - Training
2022-09-19 21:05:29,733 - WARNING - tensorboardX.x2num - NaN or Inf found in input tensor.
2022-09-19 21:07:01,127 - WARNING - tensorboardX.x2num - NaN or Inf found in input tensor.
2022-09-19 21:08:34,680 - WARNING - tensorboardX.x2num - NaN or Inf found in input tensor.
2022-09-19 21:09:59,479 - WARNING - tensorboardX.x2num - NaN or Inf found in input tensor.
2022-09-19 21:11:25,790 - WARNING - tensorboardX.x2num - NaN or Inf found in input tensor.
2022-09-19 21:12:09,884 - INFO - allennlp.training.trainer - Validating
2022-09-19 21:12:12,316 - INFO - allennlp.training.tensorboard_writer -                   Training |  Validation
2022-09-19 21:12:12,317 - INFO - allennlp.training.tensorboard_writer - loss          |     0.363  |     0.566
2022-09-19 21:12:12,317 - INFO - allennlp.training.tensorboard_writer - accuracy      |     0.877  |     0.750
2022-09-19 21:12:12,319 - INFO - allennlp.training.tensorboard_writer - s_recall      |     0.858  |     0.858
2022-09-19 21:12:12,320 - INFO - allennlp.training.tensorboard_writer - cpu_memory_MB |  6128.264  |       N/A
2022-09-19 21:12:12,320 - INFO - allennlp.training.tensorboard_writer - precision     |     0.878  |     0.752
2022-09-19 21:12:12,321 - INFO - allennlp.training.tensorboard_writer - recall        |     0.876  |     0.746
2022-09-19 21:12:12,321 - INFO - allennlp.training.tensorboard_writer - s_precision   |     0.827  |     0.827
2022-09-19 21:12:12,322 - INFO - allennlp.training.tensorboard_writer - s_fmeasure    |     0.842  |     0.842
2022-09-19 21:12:12,322 - INFO - allennlp.training.tensorboard_writer - fscore        |     0.877  |     0.749
2022-09-19 21:12:12,356 - INFO - allennlp.training.checkpointer - Best validation performance so far. Copying weights to 'FRMiner/out//best.th'.
2022-09-19 21:12:12,364 - INFO - allennlp.training.trainer - Epoch duration: 0:07:03.738209
2022-09-19 21:12:12,365 - INFO - allennlp.training.trainer - Estimated training time remaining: 0:28:58
2022-09-19 21:12:12,365 - INFO - allennlp.training.trainer - Epoch 6/9
2022-09-19 21:12:12,365 - INFO - allennlp.training.trainer - Peak CPU memory usage MB: 6440.372
2022-09-19 21:12:12,582 - ERROR - allennlp.common.util - unable to check gpu_memory_mb(), continuing
Traceback (most recent call last):
  File "/home/kenshin/.local/lib/python3.8/site-packages/allennlp/common/util.py", line 376, in gpu_memory_mb
    result = subprocess.check_output(['nvidia-smi', '--query-gpu=memory.used',
  File "/usr/lib/python3.8/subprocess.py", line 415, in check_output
    return run(*popenargs, stdout=PIPE, timeout=timeout, check=True,
  File "/usr/lib/python3.8/subprocess.py", line 516, in run
    raise CalledProcessError(retcode, process.args,
subprocess.CalledProcessError: Command '['nvidia-smi', '--query-gpu=memory.used', '--format=csv,nounits,noheader']' returned non-zero exit status 9.
2022-09-19 21:12:12,583 - INFO - allennlp.training.trainer - Training
2022-09-19 21:12:57,440 - WARNING - tensorboardX.x2num - NaN or Inf found in input tensor.
2022-09-19 21:14:25,148 - WARNING - tensorboardX.x2num - NaN or Inf found in input tensor.
2022-09-19 21:15:52,672 - WARNING - tensorboardX.x2num - NaN or Inf found in input tensor.
2022-09-19 21:17:22,838 - WARNING - tensorboardX.x2num - NaN or Inf found in input tensor.
2022-09-19 21:18:58,425 - WARNING - tensorboardX.x2num - NaN or Inf found in input tensor.
2022-09-19 21:19:18,599 - INFO - allennlp.training.trainer - Validating
2022-09-19 21:19:21,350 - INFO - allennlp.training.tensorboard_writer -                   Training |  Validation
2022-09-19 21:19:21,350 - INFO - allennlp.training.tensorboard_writer - loss          |     0.359  |     0.564
2022-09-19 21:19:21,351 - INFO - allennlp.training.tensorboard_writer - accuracy      |     0.879  |     0.750
2022-09-19 21:19:21,352 - INFO - allennlp.training.tensorboard_writer - s_recall      |     0.862  |     0.861
2022-09-19 21:19:21,353 - INFO - allennlp.training.tensorboard_writer - cpu_memory_MB |  6440.372  |       N/A
2022-09-19 21:19:21,354 - INFO - allennlp.training.tensorboard_writer - precision     |     0.877  |     0.727
2022-09-19 21:19:21,355 - INFO - allennlp.training.tensorboard_writer - recall        |     0.880  |     0.802
2022-09-19 21:19:21,355 - INFO - allennlp.training.tensorboard_writer - s_precision   |     0.833  |     0.833
2022-09-19 21:19:21,355 - INFO - allennlp.training.tensorboard_writer - s_fmeasure    |     0.847  |     0.847
2022-09-19 21:19:21,356 - INFO - allennlp.training.tensorboard_writer - fscore        |     0.879  |     0.762
2022-09-19 21:19:21,391 - INFO - allennlp.training.checkpointer - Best validation performance so far. Copying weights to 'FRMiner/out//best.th'.
2022-09-19 21:19:21,398 - INFO - allennlp.training.trainer - Epoch duration: 0:07:09.033500
2022-09-19 21:19:21,399 - INFO - allennlp.training.trainer - Estimated training time remaining: 0:21:41
2022-09-19 21:19:21,399 - INFO - allennlp.training.trainer - Epoch 7/9
2022-09-19 21:19:21,399 - INFO - allennlp.training.trainer - Peak CPU memory usage MB: 6623.244
2022-09-19 21:19:21,622 - ERROR - allennlp.common.util - unable to check gpu_memory_mb(), continuing
Traceback (most recent call last):
  File "/home/kenshin/.local/lib/python3.8/site-packages/allennlp/common/util.py", line 376, in gpu_memory_mb
    result = subprocess.check_output(['nvidia-smi', '--query-gpu=memory.used',
  File "/usr/lib/python3.8/subprocess.py", line 415, in check_output
    return run(*popenargs, stdout=PIPE, timeout=timeout, check=True,
  File "/usr/lib/python3.8/subprocess.py", line 516, in run
    raise CalledProcessError(retcode, process.args,
subprocess.CalledProcessError: Command '['nvidia-smi', '--query-gpu=memory.used', '--format=csv,nounits,noheader']' returned non-zero exit status 9.
2022-09-19 21:19:21,623 - INFO - allennlp.training.trainer - Training
2022-09-19 21:20:40,978 - WARNING - tensorboardX.x2num - NaN or Inf found in input tensor.
2022-09-19 21:22:11,548 - WARNING - tensorboardX.x2num - NaN or Inf found in input tensor.
2022-09-19 21:23:41,327 - WARNING - tensorboardX.x2num - NaN or Inf found in input tensor.
2022-09-19 21:25:09,923 - WARNING - tensorboardX.x2num - NaN or Inf found in input tensor.
2022-09-19 21:26:34,934 - WARNING - tensorboardX.x2num - NaN or Inf found in input tensor.
2022-09-19 21:26:34,944 - INFO - allennlp.training.trainer - Validating
2022-09-19 21:26:37,427 - INFO - allennlp.training.tensorboard_writer -                   Training |  Validation
2022-09-19 21:26:37,428 - INFO - allennlp.training.tensorboard_writer - loss          |     0.365  |     0.560
2022-09-19 21:26:37,430 - INFO - allennlp.training.tensorboard_writer - accuracy      |     0.872  |     0.754
2022-09-19 21:26:37,432 - INFO - allennlp.training.tensorboard_writer - s_recall      |     0.862  |     0.862
2022-09-19 21:26:37,432 - INFO - allennlp.training.tensorboard_writer - cpu_memory_MB |  6623.244  |       N/A
2022-09-19 21:26:37,433 - INFO - allennlp.training.tensorboard_writer - precision     |     0.878  |     0.781
2022-09-19 21:26:37,438 - INFO - allennlp.training.tensorboard_writer - recall        |     0.864  |     0.706
2022-09-19 21:26:37,439 - INFO - allennlp.training.tensorboard_writer - s_precision   |     0.838  |     0.838
2022-09-19 21:26:37,440 - INFO - allennlp.training.tensorboard_writer - s_fmeasure    |     0.850  |     0.850
2022-09-19 21:26:37,441 - INFO - allennlp.training.tensorboard_writer - fscore        |     0.871  |     0.742
2022-09-19 21:26:37,482 - INFO - allennlp.training.checkpointer - Best validation performance so far. Copying weights to 'FRMiner/out//best.th'.
2022-09-19 21:26:37,488 - INFO - allennlp.training.trainer - Epoch duration: 0:07:16.089183
2022-09-19 21:26:37,489 - INFO - allennlp.training.trainer - Estimated training time remaining: 0:14:28
2022-09-19 21:26:37,489 - INFO - allennlp.training.trainer - Epoch 8/9
2022-09-19 21:26:37,489 - INFO - allennlp.training.trainer - Peak CPU memory usage MB: 6623.344
2022-09-19 21:26:37,736 - ERROR - allennlp.common.util - unable to check gpu_memory_mb(), continuing
Traceback (most recent call last):
  File "/home/kenshin/.local/lib/python3.8/site-packages/allennlp/common/util.py", line 376, in gpu_memory_mb
    result = subprocess.check_output(['nvidia-smi', '--query-gpu=memory.used',
  File "/usr/lib/python3.8/subprocess.py", line 415, in check_output
    return run(*popenargs, stdout=PIPE, timeout=timeout, check=True,
  File "/usr/lib/python3.8/subprocess.py", line 516, in run
    raise CalledProcessError(retcode, process.args,
subprocess.CalledProcessError: Command '['nvidia-smi', '--query-gpu=memory.used', '--format=csv,nounits,noheader']' returned non-zero exit status 9.
2022-09-19 21:26:37,737 - INFO - allennlp.training.trainer - Training
2022-09-19 21:28:08,341 - WARNING - tensorboardX.x2num - NaN or Inf found in input tensor.
2022-09-19 21:29:33,426 - WARNING - tensorboardX.x2num - NaN or Inf found in input tensor.
2022-09-19 21:30:57,013 - WARNING - tensorboardX.x2num - NaN or Inf found in input tensor.
2022-09-19 21:32:22,035 - WARNING - tensorboardX.x2num - NaN or Inf found in input tensor.
2022-09-19 21:33:27,223 - INFO - allennlp.training.trainer - Validating
2022-09-19 21:33:29,381 - INFO - allennlp.training.tensorboard_writer -                   Training |  Validation
2022-09-19 21:33:29,381 - INFO - allennlp.training.tensorboard_writer - loss          |     0.363  |     0.575
2022-09-19 21:33:29,382 - INFO - allennlp.training.tensorboard_writer - accuracy      |     0.875  |     0.742
2022-09-19 21:33:29,383 - INFO - allennlp.training.tensorboard_writer - s_recall      |     0.863  |     0.863
2022-09-19 21:33:29,383 - INFO - allennlp.training.tensorboard_writer - cpu_memory_MB |  6623.344  |       N/A
2022-09-19 21:33:29,384 - INFO - allennlp.training.tensorboard_writer - precision     |     0.883  |     0.744
2022-09-19 21:33:29,384 - INFO - allennlp.training.tensorboard_writer - recall        |     0.865  |     0.738
2022-09-19 21:33:29,385 - INFO - allennlp.training.tensorboard_writer - s_precision   |     0.842  |     0.842
2022-09-19 21:33:29,386 - INFO - allennlp.training.tensorboard_writer - s_fmeasure    |     0.852  |     0.852
2022-09-19 21:33:29,386 - INFO - allennlp.training.tensorboard_writer - fscore        |     0.874  |     0.741
2022-09-19 21:33:29,404 - INFO - allennlp.training.checkpointer - Best validation performance so far. Copying weights to 'FRMiner/out//best.th'.
2022-09-19 21:33:29,406 - INFO - allennlp.training.trainer - Epoch duration: 0:06:51.917400
2022-09-19 21:33:29,406 - INFO - allennlp.training.trainer - Estimated training time remaining: 0:07:11
2022-09-19 21:33:29,406 - INFO - allennlp.training.trainer - Epoch 9/9
2022-09-19 21:33:29,406 - INFO - allennlp.training.trainer - Peak CPU memory usage MB: 6759.232
2022-09-19 21:33:29,541 - ERROR - allennlp.common.util - unable to check gpu_memory_mb(), continuing
Traceback (most recent call last):
  File "/home/kenshin/.local/lib/python3.8/site-packages/allennlp/common/util.py", line 376, in gpu_memory_mb
    result = subprocess.check_output(['nvidia-smi', '--query-gpu=memory.used',
  File "/usr/lib/python3.8/subprocess.py", line 415, in check_output
    return run(*popenargs, stdout=PIPE, timeout=timeout, check=True,
  File "/usr/lib/python3.8/subprocess.py", line 516, in run
    raise CalledProcessError(retcode, process.args,
subprocess.CalledProcessError: Command '['nvidia-smi', '--query-gpu=memory.used', '--format=csv,nounits,noheader']' returned non-zero exit status 9.
2022-09-19 21:33:29,541 - INFO - allennlp.training.trainer - Training
2022-09-19 21:33:52,569 - WARNING - tensorboardX.x2num - NaN or Inf found in input tensor.
2022-09-19 21:35:13,498 - WARNING - tensorboardX.x2num - NaN or Inf found in input tensor.
2022-09-19 21:36:39,780 - WARNING - tensorboardX.x2num - NaN or Inf found in input tensor.
2022-09-19 21:38:03,647 - WARNING - tensorboardX.x2num - NaN or Inf found in input tensor.
2022-09-19 21:39:26,142 - WARNING - tensorboardX.x2num - NaN or Inf found in input tensor.
2022-09-19 21:40:05,454 - INFO - allennlp.training.trainer - Validating
2022-09-19 21:40:07,600 - INFO - allennlp.training.tensorboard_writer -                   Training |  Validation
2022-09-19 21:40:07,600 - INFO - allennlp.training.tensorboard_writer - loss          |     0.362  |     0.607
2022-09-19 21:40:07,601 - INFO - allennlp.training.tensorboard_writer - accuracy      |     0.877  |     0.706
2022-09-19 21:40:07,602 - INFO - allennlp.training.tensorboard_writer - s_recall      |     0.863  |     0.863
2022-09-19 21:40:07,603 - INFO - allennlp.training.tensorboard_writer - cpu_memory_MB |  6759.232  |       N/A
2022-09-19 21:40:07,603 - INFO - allennlp.training.tensorboard_writer - precision     |     0.885  |     0.710
2022-09-19 21:40:07,604 - INFO - allennlp.training.tensorboard_writer - recall        |     0.868  |     0.698
2022-09-19 21:40:07,605 - INFO - allennlp.training.tensorboard_writer - s_precision   |     0.846  |     0.845
2022-09-19 21:40:07,606 - INFO - allennlp.training.tensorboard_writer - s_fmeasure    |     0.854  |     0.854
2022-09-19 21:40:07,607 - INFO - allennlp.training.tensorboard_writer - fscore        |     0.876  |     0.704
2022-09-19 21:40:07,629 - INFO - allennlp.training.checkpointer - Best validation performance so far. Copying weights to 'FRMiner/out//best.th'.
2022-09-19 21:40:07,633 - INFO - allennlp.training.trainer - Epoch duration: 0:06:38.226572
2022-09-19 21:40:07,633 - INFO - allennlp.training.checkpointer - loading best weights
